<?xml version="1.0" encoding="UTF-8"?>
<!-- Generated by org.testng.reporters.JUnitReportReporter -->
<testsuite hostname="DESKTOP-N3NJ75N" failures="0" tests="10" name="UI.GroupDemoTest" time="18.066" errors="0" timestamp="2024-05-25T00:03:41 IST" skipped="0">
  <testcase classname="UI.GroupDemoTest" name="Ctest" time="1.319"/>
  <system-out/>
  <testcase classname="UI.GroupDemoTest" name="Dtest" time="1.647"/>
  <system-out/>
  <testcase classname="UI.GroupDemoTest" name="Ctest" time="1.918"/>
  <system-out/>
  <testcase classname="UI.GroupDemoTest" name="Dtest" time="2.283"/>
  <system-out/>
  <testcase classname="UI.GroupDemoTest" name="Etest" time="1.732"/>
  <system-out/>
  <testcase classname="UI.GroupDemoTest" name="Etest" time="2.511"/>
  <system-out/>
  <testcase classname="UI.GroupDemoTest" name="Atest" time="1.556"/>
  <system-out/>
  <testcase classname="UI.GroupDemoTest" name="Atest" time="1.556"/>
  <system-out/>
  <testcase classname="UI.GroupDemoTest" name="Btest" time="2.171"/>
  <system-out/>
  <testcase classname="UI.GroupDemoTest" name="Btest" time="1.373"/>
  <system-out/>
</testsuite> <!-- UI.GroupDemoTest -->
