<?xml version="1.0" encoding="UTF-8"?>
<!-- Generated by org.testng.reporters.JUnitReportReporter -->
<testsuite hostname="DESKTOP-N3NJ75N" failures="0" tests="8" name="UI.DataProvidersDemoTest" time="0.017" errors="0" timestamp="2024-05-26T17:54:15 IST" skipped="0">
  <testcase classname="UI.DataProvidersDemoTest" name="testone" time="0.003"/>
  <system-out/>
  <testcase classname="UI.DataProvidersDemoTest" name="testone" time="0.000"/>
  <system-out/>
  <testcase classname="UI.DataProvidersDemoTest" name="test" time="0.001"/>
  <system-out/>
  <testcase classname="UI.DataProvidersDemoTest" name="testone" time="0.000"/>
  <system-out/>
  <testcase classname="UI.DataProvidersDemoTest" name="test" time="0.011"/>
  <system-out/>
  <testcase classname="UI.DataProvidersDemoTest" name="test" time="0.001"/>
  <system-out/>
  <testcase classname="UI.DataProvidersDemoTest" name="test" time="0.001"/>
  <system-out/>
  <testcase classname="UI.DataProvidersDemoTest" name="testone" time="0.000"/>
  <system-out/>
</testsuite> <!-- UI.DataProvidersDemoTest -->
