<?xml version="1.0" encoding="UTF-8"?>
<!-- Generated by org.testng.reporters.JUnitReportReporter -->
<testsuite hostname="DESKTOP-N3NJ75N" failures="0" tests="4" name="UI.DataProviders_Real_Login_Test" time="43.895" errors="0" timestamp="2024-05-26T14:20:28 IST" skipped="0">
  <testcase classname="UI.DataProviders_Real_Login_Test" name="testone" time="2.302"/>
  <system-out/>
  <testcase classname="UI.DataProviders_Real_Login_Test" name="testone" time="5.665"/>
  <system-out/>
  <testcase classname="UI.DataProviders_Real_Login_Test" name="testone" time="18.575"/>
  <system-out/>
  <testcase classname="UI.DataProviders_Real_Login_Test" name="testone" time="17.353"/>
  <system-out/>
</testsuite> <!-- UI.DataProviders_Real_Login_Test -->
