<?xml version="1.0" encoding="UTF-8"?>
<!-- Generated by org.testng.reporters.JUnitReportReporter -->
<testsuite hostname="DESKTOP-N3NJ75N" failures="0" tests="3" name="UI.SkipDemoTest" time="0.021" errors="0" timestamp="2024-05-25T11:02:58 IST" skipped="2">
  <testcase classname="UI.SkipDemoTest" name="skipTest2" time="0.020">
    <skipped/>
  </testcase> <!-- skipTest2 -->
  <system-out/>
  <testcase classname="UI.SkipDemoTest" name="skipTest3" time="0.001"/>
  <system-out/>
  <testcase classname="UI.SkipDemoTest" name="skipTest1">
    <skipped/>
  </testcase> <!-- skipTest1 -->
  <system-out/>
</testsuite> <!-- UI.SkipDemoTest -->
