<?xml version="1.0" encoding="UTF-8"?>
<!-- Generated by org.testng.reporters.JUnitReportReporter -->
<testsuite hostname="DESKTOP-N3NJ75N" failures="0" tests="5" name="UI.ReportGenerate" time="0.008" errors="0" timestamp="2024-06-01T13:11:59 IST" skipped="0">
  <testcase classname="UI.ReportGenerate" name="Reporter_Test_5" time="0.001"/>
  <system-out>
    <![CDATA[Method name is -Reporter_Test_5
Status of execution -1]]>
  </system-out>
  <testcase classname="UI.ReportGenerate" name="Reporter_Test_2" time="0.002"/>
  <system-out>
    <![CDATA[Method name is -Reporter_Test_2
This is test2
Status of execution -1]]>
  </system-out>
  <testcase classname="UI.ReportGenerate" name="Reporter_Test_3" time="0.001"/>
  <system-out>
    <![CDATA[Method name is -Reporter_Test_3
Status of execution -1]]>
  </system-out>
  <testcase classname="UI.ReportGenerate" name="Reporter_Test_1" time="0.003"/>
  <system-out>
    <![CDATA[Method name is -Reporter_Test_1
Status of execution -1]]>
  </system-out>
  <testcase classname="UI.ReportGenerate" name="Reporter_Test_4" time="0.001"/>
  <system-out>
    <![CDATA[Method name is -Reporter_Test_4
This is test4
Status of execution -1]]>
  </system-out>
</testsuite> <!-- UI.ReportGenerate -->
