<?xml version="1.0" encoding="UTF-8"?>
<!-- Generated by org.testng.reporters.JUnitReportReporter -->
<testsuite hostname="DESKTOP-N3NJ75N" failures="0" tests="1" name="UI.VerifyTitleAndTextTest" time="11.024" errors="0" timestamp="2024-05-22T17:17:06 IST" skipped="0">
  <testcase classname="UI.VerifyTitleAndTextTest" name="titleTest" time="11.024"/>
  <system-out/>
</testsuite> <!-- UI.VerifyTitleAndTextTest -->
