<?xml version="1.0" encoding="UTF-8"?>
<!-- Generated by org.testng.reporters.JUnitReportReporter -->
<testsuite hostname="DESKTOP-N3NJ75N" failures="0" tests="1" name="UI.Login_Test_Browser_External_XML_File" time="47.828" errors="0" timestamp="2024-05-29T11:06:13 IST" skipped="0">
  <testcase classname="UI.Login_Test_Browser_External_XML_File" name="LaunchApplication" time="47.828"/>
  <system-out/>
</testsuite> <!-- UI.Login_Test_Browser_External_XML_File -->
