<?xml version="1.0" encoding="UTF-8"?>
<!-- Generated by org.testng.reporters.JUnitReportReporter -->
<testsuite hostname="DESKTOP-N3NJ75N" failures="0" tests="5" name="UI.GroupDemoTest" time="14.340" errors="0" timestamp="2024-05-22T17:17:06 IST" skipped="0">
  <testcase classname="UI.GroupDemoTest" name="Dtest" time="2.408"/>
  <system-out/>
  <testcase classname="UI.GroupDemoTest" name="Ctest" time="1.502"/>
  <system-out/>
  <testcase classname="UI.GroupDemoTest" name="Etest" time="1.414"/>
  <system-out/>
  <testcase classname="UI.GroupDemoTest" name="Atest" time="6.483"/>
  <system-out/>
  <testcase classname="UI.GroupDemoTest" name="Btest" time="2.533"/>
  <system-out/>
</testsuite> <!-- UI.GroupDemoTest -->
