<?xml version="1.0" encoding="UTF-8"?>
<!-- Generated by org.testng.reporters.JUnitReportReporter -->
<testsuite hostname="DESKTOP-N3NJ75N" failures="0" tests="5" name="UI.Annotations" time="0.008" errors="0" timestamp="2024-05-25T13:17:11 IST" skipped="0">
  <testcase classname="UI.Annotations" name="Dtest" time="0.001"/>
  <system-out/>
  <testcase classname="UI.Annotations" name="Etest" time="0.001"/>
  <system-out/>
  <testcase classname="UI.Annotations" name="Ctest" time="0.005"/>
  <system-out/>
  <testcase classname="UI.Annotations" name="Atest" time="0.001"/>
  <system-out/>
  <testcase classname="UI.Annotations" name="Btest" time="0.000"/>
  <system-out/>
</testsuite> <!-- UI.Annotations -->
