<?xml version="1.0" encoding="UTF-8"?>
<!-- Generated by org.testng.reporters.JUnitReportReporter -->
<testsuite hostname="DESKTOP-N3NJ75N" failures="0" tests="2" name="UI.Login_Test_" time="0.010" errors="0" timestamp="2024-05-19T17:49:13 IST" skipped="0">
  <testcase classname="UI.Login_Test_" name="BLogin" time="0.008"/>
  <system-out/>
  <testcase classname="UI.Login_Test_" name="ALogOut" time="0.002"/>
  <system-out/>
</testsuite> <!-- UI.Login_Test_ -->
