<?xml version="1.0" encoding="UTF-8"?>
<!-- Generated by org.testng.reporters.JUnitReportReporter -->
<testsuite hostname="DESKTOP-N3NJ75N" failures="0" tests="5" name="UI.GroupDemoTest2" time="0.013" errors="0" timestamp="2024-05-25T16:26:26 IST" skipped="0">
  <testcase classname="UI.GroupDemoTest2" name="Dtest" time="0.002"/>
  <system-out/>
  <testcase classname="UI.GroupDemoTest2" name="Etest" time="0.002"/>
  <system-out/>
  <testcase classname="UI.GroupDemoTest2" name="Ctest" time="0.007"/>
  <system-out/>
  <testcase classname="UI.GroupDemoTest2" name="Atest" time="0.001"/>
  <system-out/>
  <testcase classname="UI.GroupDemoTest2" name="Btest" time="0.001"/>
  <system-out/>
</testsuite> <!-- UI.GroupDemoTest2 -->
