<?xml version="1.0" encoding="UTF-8"?>
<!-- Generated by org.testng.reporters.JUnitReportReporter -->
<testsuite hostname="DESKTOP-N3NJ75N" failures="0" tests="1" name="UI.VerifyTitleTest" time="7.657" errors="0" timestamp="2024-05-25T00:03:41 IST" skipped="0">
  <testcase classname="UI.VerifyTitleTest" name="titleTest" time="7.657"/>
  <system-out/>
</testsuite> <!-- UI.VerifyTitleTest -->
