<?xml version="1.0" encoding="UTF-8"?>
<!-- Generated by org.testng.reporters.JUnitReportReporter -->
<testsuite hostname="DESKTOP-N3NJ75N" failures="0" tests="1" name="UI.VerifyTitleAndTextTest" time="9.303" errors="0" timestamp="2024-05-21T23:24:22 IST" skipped="0">
  <testcase classname="UI.VerifyTitleAndTextTest" name="titleTest" time="9.303"/>
  <system-out/>
</testsuite> <!-- UI.VerifyTitleAndTextTest -->
